
----------------------------------------
Testing: postgres:****@localhost:5432/postgres
❌ Failed: Authentication failed against database server, the provided database credentials for `postgres` are not valid.

Please make sure to provide valid database credentials for the database server at the configured address.

----------------------------------------
Testing: postgres:****@localhost:5432/postgres
❌ Failed: Authentication failed against database server, the provided database credentials for `postgres` are not valid.

Please make sure to provide valid database credentials for the database server at the configured address.

----------------------------------------
Testing: postgres:****@localhost:5432/postgres
❌ Failed: Authentication failed against database server, the provided database credentials for `postgres` are not valid.

Please make sure to provide valid database credentials for the database server at the configured address.

----------------------------------------
Testing: postgres:****@localhost:5432/postgres
❌ Failed: Authentication failed against database server, the provided database credentials for `postgres` are not valid.

Please make sure to provide valid database credentials for the database server at the configured address.

----------------------------------------
Testing: postgres:****@localhost:5432/postgres
❌ Failed: Authentication failed against database server, the provided database credentials for `postgres` are not valid.

Please make sure to provide valid database credentials for the database server at the configured address.

❌ All attempts failed.
